Determining if the pthread_create exist failed with the following output:
Change Dir: /home/arslan/CLionProjects/digitaldesign/build/CMakeFiles/CMakeTmp

Run Build Command:"/usr/bin/make" "cmTC_acb11/fast"
/usr/bin/make -f CMakeFiles/cmTC_acb11.dir/build.make CMakeFiles/cmTC_acb11.dir/build
make[1]: Entering directory '/home/arslan/CLionProjects/digitaldesign/build/CMakeFiles/CMakeTmp'
Building C object CMakeFiles/cmTC_acb11.dir/CheckSymbolExists.c.o
/usr/bin/cc     -o CMakeFiles/cmTC_acb11.dir/CheckSymbolExists.c.o   -c /home/arslan/CLionProjects/digitaldesign/build/CMakeFiles/CMakeTmp/CheckSymbolExists.c
Linking C executable cmTC_acb11
/usr/bin/cmake -E cmake_link_script CMakeFiles/cmTC_acb11.dir/link.txt --verbose=1
/usr/bin/cc       CMakeFiles/cmTC_acb11.dir/CheckSymbolExists.c.o  -o cmTC_acb11 
CMakeFiles/cmTC_acb11.dir/CheckSymbolExists.c.o: In function `main':
CheckSymbolExists.c:(.text+0x16): undefined reference to `pthread_create'
collect2: error: ld returned 1 exit status
CMakeFiles/cmTC_acb11.dir/build.make:97: recipe for target 'cmTC_acb11' failed
make[1]: *** [cmTC_acb11] Error 1
make[1]: Leaving directory '/home/arslan/CLionProjects/digitaldesign/build/CMakeFiles/CMakeTmp'
Makefile:126: recipe for target 'cmTC_acb11/fast' failed
make: *** [cmTC_acb11/fast] Error 2

File /home/arslan/CLionProjects/digitaldesign/build/CMakeFiles/CMakeTmp/CheckSymbolExists.c:
/* */
#include <pthread.h>

int main(int argc, char** argv)
{
  (void)argv;
#ifndef pthread_create
  return ((int*)(&pthread_create))[argc];
#else
  (void)argc;
  return 0;
#endif
}

Determining if the function pthread_create exists in the pthreads failed with the following output:
Change Dir: /home/arslan/CLionProjects/digitaldesign/build/CMakeFiles/CMakeTmp

Run Build Command:"/usr/bin/make" "cmTC_d8583/fast"
/usr/bin/make -f CMakeFiles/cmTC_d8583.dir/build.make CMakeFiles/cmTC_d8583.dir/build
make[1]: Entering directory '/home/arslan/CLionProjects/digitaldesign/build/CMakeFiles/CMakeTmp'
Building C object CMakeFiles/cmTC_d8583.dir/CheckFunctionExists.c.o
/usr/bin/cc    -DCHECK_FUNCTION_EXISTS=pthread_create   -o CMakeFiles/cmTC_d8583.dir/CheckFunctionExists.c.o   -c /usr/share/cmake-3.5/Modules/CheckFunctionExists.c
Linking C executable cmTC_d8583
/usr/bin/cmake -E cmake_link_script CMakeFiles/cmTC_d8583.dir/link.txt --verbose=1
/usr/bin/cc   -DCHECK_FUNCTION_EXISTS=pthread_create    CMakeFiles/cmTC_d8583.dir/CheckFunctionExists.c.o  -o cmTC_d8583 -lpthreads 
/usr/bin/ld: cannot find -lpthreads
collect2: error: ld returned 1 exit status
CMakeFiles/cmTC_d8583.dir/build.make:97: recipe for target 'cmTC_d8583' failed
make[1]: *** [cmTC_d8583] Error 1
make[1]: Leaving directory '/home/arslan/CLionProjects/digitaldesign/build/CMakeFiles/CMakeTmp'
Makefile:126: recipe for target 'cmTC_d8583/fast' failed
make: *** [cmTC_d8583/fast] Error 2


